  LightCut.cpp
  optixPathTracer.cpp
C:\Program Files\NVIDIA GPU Computing Toolkit\CUDA\v10.2\include\cuda_runtime_api.h(1431,1): warning C4819: 檔案含有無法在目前字碼頁 (950) 中表示的字元。請以 Unicode 格式儲存檔案以防止資料遺失 (正在編譯原始程式檔 ..\..\optixPathTracer\LightCut.cpp)
C:\Program Files\NVIDIA GPU Computing Toolkit\CUDA\v10.2\include\cuda_runtime_api.h(3324,1): warning C4819: 檔案含有無法在目前字碼頁 (950) 中表示的字元。請以 Unicode 格式儲存檔案以防止資料遺失 (正在編譯原始程式檔 ..\..\optixPathTracer\LightCut.cpp)
C:\Program Files\NVIDIA GPU Computing Toolkit\CUDA\v10.2\include\cuda_runtime_api.h(9349,1): warning C4819: 檔案含有無法在目前字碼頁 (950) 中表示的字元。請以 Unicode 格式儲存檔案以防止資料遺失 (正在編譯原始程式檔 ..\..\optixPathTracer\LightCut.cpp)
C:\Program Files\NVIDIA GPU Computing Toolkit\CUDA\v10.2\include\cuda_runtime_api.h(1431,1): warning C4819: 檔案含有無法在目前字碼頁 (950) 中表示的字元。請以 Unicode 格式儲存檔案以防止資料遺失 (正在編譯原始程式檔 ..\..\optixPathTracer\LightCut.cpp)
C:\Program Files\NVIDIA GPU Computing Toolkit\CUDA\v10.2\include\cuda_runtime_api.h(3324,1): warning C4819: 檔案含有無法在目前字碼頁 (950) 中表示的字元。請以 Unicode 格式儲存檔案以防止資料遺失 (正在編譯原始程式檔 ..\..\optixPathTracer\LightCut.cpp)
C:\Program Files\NVIDIA GPU Computing Toolkit\CUDA\v10.2\include\cuda_runtime_api.h(9349,1): warning C4819: 檔案含有無法在目前字碼頁 (950) 中表示的字元。請以 Unicode 格式儲存檔案以防止資料遺失 (正在編譯原始程式檔 ..\..\optixPathTracer\LightCut.cpp)
C:\Program Files\NVIDIA GPU Computing Toolkit\CUDA\v10.2\include\cuda_runtime_api.h(1431,1): warning C4819: 檔案含有無法在目前字碼頁 (950) 中表示的字元。請以 Unicode 格式儲存檔案以防止資料遺失 (正在編譯原始程式檔 D:\appdata\OptiX SDK 6.5.0\SDK\optixPathTracer\optixPathTracer.cpp)
C:\Program Files\NVIDIA GPU Computing Toolkit\CUDA\v10.2\include\cuda_runtime_api.h(3324,1): warning C4819: 檔案含有無法在目前字碼頁 (950) 中表示的字元。請以 Unicode 格式儲存檔案以防止資料遺失 (正在編譯原始程式檔 D:\appdata\OptiX SDK 6.5.0\SDK\optixPathTracer\optixPathTracer.cpp)
C:\Program Files\NVIDIA GPU Computing Toolkit\CUDA\v10.2\include\cuda_runtime_api.h(9349,1): warning C4819: 檔案含有無法在目前字碼頁 (950) 中表示的字元。請以 Unicode 格式儲存檔案以防止資料遺失 (正在編譯原始程式檔 D:\appdata\OptiX SDK 6.5.0\SDK\optixPathTracer\optixPathTracer.cpp)
C:\Program Files\NVIDIA GPU Computing Toolkit\CUDA\v10.2\include\cuda_runtime_api.h(1431,1): warning C4819: 檔案含有無法在目前字碼頁 (950) 中表示的字元。請以 Unicode 格式儲存檔案以防止資料遺失 (正在編譯原始程式檔 D:\appdata\OptiX SDK 6.5.0\SDK\optixPathTracer\optixPathTracer.cpp)
C:\Program Files\NVIDIA GPU Computing Toolkit\CUDA\v10.2\include\cuda_runtime_api.h(3324,1): warning C4819: 檔案含有無法在目前字碼頁 (950) 中表示的字元。請以 Unicode 格式儲存檔案以防止資料遺失 (正在編譯原始程式檔 D:\appdata\OptiX SDK 6.5.0\SDK\optixPathTracer\optixPathTracer.cpp)
C:\Program Files\NVIDIA GPU Computing Toolkit\CUDA\v10.2\include\cuda_runtime_api.h(9349,1): warning C4819: 檔案含有無法在目前字碼頁 (950) 中表示的字元。請以 Unicode 格式儲存檔案以防止資料遺失 (正在編譯原始程式檔 D:\appdata\OptiX SDK 6.5.0\SDK\optixPathTracer\optixPathTracer.cpp)
..\..\optixPathTracer\LightCut.cpp(16,51): warning C4244: '=': 將 'float' 轉換為 'size_t'，由於類型不同，可能導致資料遺失
..\..\optixPathTracer\LightCut.cpp(18,25): warning C4267: '=': 將 'size_t' 轉換為 'int'，資料可能遺失
..\..\optixPathTracer\LightCut.cpp(45,84): warning C4244: '引數': 將 'int' 轉換為 'const float'，由於類型不同，可能導致資料遺失
..\..\optixPathTracer\LightCut.cpp(56,36): warning C4267: '=': 將 'size_t' 轉換為 'int'，資料可能遺失
..\..\optixPathTracer\LightCut.cpp(59,34): warning C4267: '正在初始化': 將 'size_t' 轉換為 'int'，資料可能遺失
D:\appdata\OptiX SDK 6.5.0\SDK\optixPathTracer\KDTree.h(14,1): warning C4267: '=': 將 'size_t' 轉換為 'int'，資料可能遺失 (正在編譯原始程式檔 D:\appdata\OptiX SDK 6.5.0\SDK\optixPathTracer\optixPathTracer.cpp)
D:\appdata\OptiX SDK 6.5.0\SDK\optixPathTracer\optixPathTracer.cpp(474,96): warning C4244: '引數': 將 'double' 轉換為 'float'，由於類型不同，可能導致資料遺失
D:\appdata\OptiX SDK 6.5.0\SDK\optixPathTracer\optixPathTracer.cpp(485,103): warning C4244: '引數': 將 'double' 轉換為 'float'，由於類型不同，可能導致資料遺失
  optixPathTracer.vcxproj -> D:\appdata\OptiX SDK 6.5.0\SDK\build\bin\Debug\optixPathTracer.exe
